<?xml version="1.0" encoding="UTF-8"?>
<!-- Generated by org.testng.reporters.JUnitXMLReporter -->
<testsuite hostname="DESKTOP-B4MBJ5N" ignored="2" name="Test" tests="6" failures="4" timestamp="2021-04-08T13:03:04 IST" time="65.05" errors="0">
  <testcase name="Valid_And_Invalid_Registration" time="4.571" classname="com.htc.madison.tests.RegistrationTest">
    <failure type="java.lang.AssertionError" message="expected [MY DASHBOARD] but found [CREATE AN ACCOUNT]">
      <![CDATA[java.lang.AssertionError: expected [MY DASHBOARD] but found [CREATE AN ACCOUNT]
at com.htc.madison.tests.RegistrationTest.Valid_And_Invalid_Registration(RegistrationTest.java:24)
at java.util.ArrayList.forEach(ArrayList.java:1259)
... Removed 33 stack frames]]>
    </failure>
  </testcase> <!-- Valid_And_Invalid_Registration -->
  <testcase name="Valid_And_Invalid_Registration" time="2.598" classname="com.htc.madison.tests.RegistrationTest">
    <failure type="java.lang.AssertionError" message="expected [MY DASHBOARD] but found [CREATE AN ACCOUNT]">
      <![CDATA[java.lang.AssertionError: expected [MY DASHBOARD] but found [CREATE AN ACCOUNT]
at com.htc.madison.tests.RegistrationTest.Valid_And_Invalid_Registration(RegistrationTest.java:24)
at java.util.ArrayList.forEach(ArrayList.java:1259)
... Removed 33 stack frames]]>
    </failure>
  </testcase> <!-- Valid_And_Invalid_Registration -->
  <testcase name="Valid_And_Invalid_Login" time="3.165" classname="com.htc.madison.tests.LoginTest"/>
  <testcase name="Valid_And_Invalid_Login" time="2.273" classname="com.htc.madison.tests.LoginTest">
    <failure type="java.lang.AssertionError" message="expected [MY DASHBOARD
] but found [LOGIN OR CREATE AN ACCOUNT]">
      <![CDATA[java.lang.AssertionError: expected [MY DASHBOARD
] but found [LOGIN OR CREATE AN ACCOUNT]
at com.htc.madison.tests.LoginTest.Valid_And_Invalid_Login(LoginTest.java:21)
at java.util.ArrayList.forEach(ArrayList.java:1259)
... Removed 33 stack frames]]>
    </failure>
  </testcase> <!-- Valid_And_Invalid_Login -->
  <testcase name="Valid_And_Invalid_Login" time="28.135" classname="com.htc.madison.tests.ProductPurchaseTest"/>
  <testcase name="Valid_And_Invalid_Login" time="12.286" classname="com.htc.madison.tests.ProductPurchaseTest">
    <failure type="org.openqa.selenium.NoSuchElementException" message="no such element: Unable to locate element: {&amp;quot;method&amp;quot;:&amp;quot;xpath&amp;quot;,&amp;quot;selector&amp;quot;:&amp;quot;//div[@class=&amp;apos;block-content&amp;apos;]//ul//li[@class=&amp;apos;current&amp;apos;]//a//strong&amp;quot;}
  (Session info: chrome=89.0.4389.114)
For documentation on this error, please visit: https://www.seleniumhq.org/exceptions/no_such_element.html
Build info: version: &amp;apos;3.141.59&amp;apos;, revision: &amp;apos;e82be7d358&amp;apos;, time: &amp;apos;2018-11-14T08:17:03&amp;apos;
System info: host: &amp;apos;DESKTOP-B4MBJ5N&amp;apos;, ip: &amp;apos;192.168.0.106&amp;apos;, os.name: &amp;apos;Windows 10&amp;apos;, os.arch: &amp;apos;amd64&amp;apos;, os.version: &amp;apos;10.0&amp;apos;, java.version: &amp;apos;1.8.0_271&amp;apos;
Driver info: org.openqa.selenium.chrome.ChromeDriver
Capabilities {acceptInsecureCerts: false, browserName: chrome, browserVersion: 89.0.4389.114, chrome: {chromedriverVersion: 88.0.4324.96 (68dba2d8a0b14..., userDataDir: C:\Users\admin\AppData\Loca...}, goog:chromeOptions: {debuggerAddress: localhost:53073}, javascriptEnabled: true, networkConnectionEnabled: false, pageLoadStrategy: normal, platform: WINDOWS, platformName: WINDOWS, proxy: Proxy(), setWindowRect: true, strictFileInteractability: false, timeouts: {implicit: 0, pageLoad: 300000, script: 30000}, unhandledPromptBehavior: dismiss and notify, webauthn:extension:largeBlob: true, webauthn:virtualAuthenticators: true}
Session ID: 38851bde0123c5a68f3ff6210148254b
*** Element info: {Using=xpath, value=//div[@class=&amp;apos;block-content&amp;apos;]//ul//li[@class=&amp;apos;current&amp;apos;]//a//strong}">
      <![CDATA[org.openqa.selenium.NoSuchElementException: no such element: Unable to locate element: {"method":"xpath","selector":"//div[@class='block-content']//ul//li[@class='current']//a//strong"}
  (Session info: chrome=89.0.4389.114)
For documentation on this error, please visit: https://www.seleniumhq.org/exceptions/no_such_element.html
Build info: version: '3.141.59', revision: 'e82be7d358', time: '2018-11-14T08:17:03'
System info: host: 'DESKTOP-B4MBJ5N', ip: '192.168.0.106', os.name: 'Windows 10', os.arch: 'amd64', os.version: '10.0', java.version: '1.8.0_271'
Driver info: org.openqa.selenium.chrome.ChromeDriver
Capabilities {acceptInsecureCerts: false, browserName: chrome, browserVersion: 89.0.4389.114, chrome: {chromedriverVersion: 88.0.4324.96 (68dba2d8a0b14..., userDataDir: C:\Users\admin\AppData\Loca...}, goog:chromeOptions: {debuggerAddress: localhost:53073}, javascriptEnabled: true, networkConnectionEnabled: false, pageLoadStrategy: normal, platform: WINDOWS, platformName: WINDOWS, proxy: Proxy(), setWindowRect: true, strictFileInteractability: false, timeouts: {implicit: 0, pageLoad: 300000, script: 30000}, unhandledPromptBehavior: dismiss and notify, webauthn:extension:largeBlob: true, webauthn:virtualAuthenticators: true}
Session ID: 38851bde0123c5a68f3ff6210148254b
*** Element info: {Using=xpath, value=//div[@class='block-content']//ul//li[@class='current']//a//strong}
at org.openqa.selenium.remote.http.W3CHttpResponseCodec.createException(W3CHttpResponseCodec.java:187)
at org.openqa.selenium.remote.http.W3CHttpResponseCodec.decode(W3CHttpResponseCodec.java:122)
at org.openqa.selenium.remote.http.W3CHttpResponseCodec.decode(W3CHttpResponseCodec.java:49)
at org.openqa.selenium.remote.HttpCommandExecutor.execute(HttpCommandExecutor.java:158)
at org.openqa.selenium.remote.service.DriverCommandExecutor.execute(DriverCommandExecutor.java:83)
at org.openqa.selenium.remote.RemoteWebDriver.execute(RemoteWebDriver.java:552)
at org.openqa.selenium.remote.RemoteWebDriver.findElement(RemoteWebDriver.java:323)
at org.openqa.selenium.remote.RemoteWebDriver.findElementByXPath(RemoteWebDriver.java:428)
at org.openqa.selenium.By$ByXPath.findElement(By.java:353)
at org.openqa.selenium.remote.RemoteWebDriver.findElement(RemoteWebDriver.java:315)
at org.openqa.selenium.support.pagefactory.DefaultElementLocator.findElement(DefaultElementLocator.java:69)
at org.openqa.selenium.support.pagefactory.internal.LocatingElementHandler.invoke(LocatingElementHandler.java:38)
at com.sun.proxy.$Proxy11.isDisplayed(Unknown Source)
at com.htc.madison.utilites.Utility.waitToBeVisibile(Utility.java:30)
at com.htc.madison.pages.HomePage.Home_Page(HomePage.java:28)
at com.htc.madison.tests.ProductPurchaseTest.Valid_And_Invalid_Login(ProductPurchaseTest.java:19)
at java.util.ArrayList.forEach(ArrayList.java:1259)
... Removed 31 stack frames]]>
    </failure>
  </testcase> <!-- Valid_And_Invalid_Login -->
  <testcase name="@BeforeSuite start" time="0.0" classname="com.htc.madison.BaseTest">
    <ignored/>
  </testcase> <!-- @BeforeSuite start -->
  <testcase name="@BeforeSuite start" time="0.0" classname="com.htc.madison.BaseTest">
    <ignored/>
  </testcase> <!-- @BeforeSuite start -->
</testsuite> <!-- Test -->
